Sencha Cmd 6.7.0.63 - Crash report
================================================
An error occurred while executing the following command: -port 8000 web start

Diagnostic information:
=======================
                         app.archivePath : archive                                           
                      app.bootstrap.base : D:\demo\demo-dsbd                                 
                       app.bootstrap.css : bootstrap.css                                     
                  app.bootstrap.manifest : ${build.id}.json                                  
               app.bootstrap.microloader : bootstrap.js                                      
                app.builds.classic.theme : theme-triton                                      
              app.builds.classic.toolkit : classic                                           
                 app.builds.modern.theme : theme-triton                                      
               app.builds.modern.toolkit : modern                                            
                        app.cache.deltas : false                                             
                        app.cache.enable : false                                             
                          app.classic.js :                                                   
                   app.classic.js.length : 0                                                 
                           app.classpath : app,${toolkit.name}/src                           
                         app.classpath.0 : app                                               
                         app.classpath.1 : ${toolkit.name}/src                               
                    app.classpath.length : 2                                                 
                         app.cmd.version : 6.7.0.63                                          
                          app.compressor : null                                              
                          app.config.dir : D:\demo\demo-dsbd\.sencha\app                     
                app.cordova.cache.enable : false                                             
                   app.cordova.config.id : com.domain.Admin                                  
                 app.cordova.config.name : Admin                                             
                 app.cordova.config.path : D:\demo\demo-dsbd/cordova                         
               app.cordova.config.target :                                                   
              app.cordova.config.verbose : false                                             
                   app.cordova.js.0.path : cordova.js                                        
               app.cordova.js.0.priority : 1000                                              
                 app.cordova.js.0.remote : true                                              
                   app.cordova.js.length : 1                                                 
                 app.cordova.microloader : D:\demo\demo-dsbd\.sencha\app/Microloader.js      
      app.cordova.output.appCache.enable : false                                             
                 app.cordova.output.base : D:\demo\demo-dsbd/cordova/www                     
             app.cordova.output.manifest : ${build.id}.json                                  
                 app.cordova.output.page : index.html                                        
                    app.development.tags :                                                   
             app.development.tags.length : 0                                                 
                                 app.dir : D:\demo\demo-dsbd                                 
              app.fashion.inliner.enable : false                                             
                           app.framework : ext                                               
                   app.framework.version : 6.7.0.210                                         
                                  app.id : 39acbe74-575a-4e77-8062-a62324a1e58f              
                       app.indexHtmlPath : index.html                                        
                        app.loader.cache : false                                             
                   app.loader.cacheParam : _dc                                               
                           app.modern.js :                                                   
                    app.modern.js.length : 0                                                 
                                app.name : Admin                                             
              app.output.appCache.enable : false                                             
                         app.output.base : D:\demo\demo-dsbd/build/${build.environment}/Admin/${build.id}
                     app.output.manifest : ../${build.id}.json                               
           app.output.microloader.enable : true                                              
                         app.output.page : ../index.html                                     
                           app.overrides : overrides,${toolkit.name}/overrides               
                         app.overrides.0 : overrides                                         
                         app.overrides.1 : ${toolkit.name}/overrides                         
                    app.overrides.length : 2                                                 
               app.phonegap.cache.enable : false                                             
                  app.phonegap.config.id : com.domain.Admin                                  
                app.phonegap.config.name : Admin                                             
                app.phonegap.config.path : D:\demo\demo-dsbd/phonegap                        
              app.phonegap.config.remote : false                                             
             app.phonegap.config.verbose : false                                             
                  app.phonegap.js.0.path : cordova.js                                        
              app.phonegap.js.0.priority : 1000                                              
                app.phonegap.js.0.remote : true                                              
                  app.phonegap.js.length : 1                                                 
                app.phonegap.microloader : D:\demo\demo-dsbd\.sencha\app/Microloader.js      
     app.phonegap.output.appCache.enable : false                                             
                app.phonegap.output.base : D:\demo\demo-dsbd/phonegap/www                    
            app.phonegap.output.manifest : ${build.id}.json                                  
                app.phonegap.output.page : index.html                                        
             app.production.cache.enable : false                                             
          app.production.compressor.type : cmd                                               
             app.production.loader.cache : ${build.timestamp}                                
   app.production.output.appCache.enable : false                                             
     app.production.output.appCache.path : ../cache.appcache                                 
                      app.resource.paths :                                                   
                        app.sass.dynamic : true                                              
                            app.sass.etc : sass/etc/all.scss,${toolkit.name}/sass/etc/all.scss
                          app.sass.etc.0 : sass/etc/all.scss                                 
                          app.sass.etc.1 : ${toolkit.name}/sass/etc/all.scss                 
                     app.sass.etc.length : 2                                                 
                        app.sass.fashion : true                                              
                      app.sass.namespace : Admin                                             
                            app.sass.src : sass/src,${toolkit.name}/sass/src                 
                          app.sass.src.0 : sass/src                                          
                          app.sass.src.1 : ${toolkit.name}/sass/src                          
                     app.sass.src.length : 2                                                 
                            app.sass.var : sass/var/all.scss,sass/var,${toolkit.name}/sass/var/all.scss,${toolkit.name}/sass/var
                          app.sass.var.0 : sass/var/all.scss                                 
                          app.sass.var.1 : sass/var                                          
                          app.sass.var.2 : ${toolkit.name}/sass/var/all.scss                 
                          app.sass.var.3 : ${toolkit.name}/sass/var                          
                     app.sass.var.length : 4                                                 
                 app.slicer.cache.enable : false                                             
        app.slicer.js.0.isWidgetManifest : true                                              
                    app.slicer.js.0.path : sass/example/custom.js                            
                    app.slicer.js.length : 1                                                 
       app.slicer.output.appCache.enable : false                                             
                app.testing.cache.enable : false                                             
      app.testing.output.appCache.enable : false                                             
                             app.version : 1.0.0.0                                           
                    buildenvironment.dir : D:\demo\demo-dsbd                                 
               buildenvironment.load.dir : D:\demo\demo-dsbd                                 
                          cmd.config.dir : C:\Users\janetxywang\bin\Sencha\Cmd\6.7.0.63      
                                 cmd.dir : C:\Users\janetxywang\bin\Sencha\Cmd\6.7.0.63      
                    cmd.framework.minver : 5.5.0                                             
                   cmd.framework.version : 99.99                                             
              cmd.merge.tool.args.araxis : -wait -merge -3 -a1 {base} {user} {generated} {out}
              cmd.merge.tool.args.kdiff3 : {base} {user} {generated} -o {out}                
             cmd.merge.tool.args.p4merge : {base} {user} {generated} {out}                   
           cmd.merge.tool.args.smartsync : {user} {generated} {base}                         
          cmd.merge.tool.args.sourcegear : --merge --result={out} {user} {base} {generated}  
            cmd.merge.tool.args.tortoise : -base:{base} -theirs:{generated} -mine:{user} -merged:{out}
                              cmd.minver : 3.0.0.0                                           
                            cmd.platform : windows                                           
                     cmd.unicode.escapes : C:\Users\janetxywang\bin\Sencha\Cmd\6.7.0.63/unicode-escapes.json
                             cmd.version : 6.7.0.63                                          
                            cmd.web.port : 1841                                              
                     config.skipDownload : true                                              
                      config.skipInherit : false                                             
                        ext.license.name : dev                                               
                     framework.build.dir : ${package.output.base}                            
                     framework.classpath : ${package.dir}/src                                
                    framework.cmd.minver : 6.7.0.63                                          
                   framework.cmd.version : 6.7.0.63                                          
                 framework.compatVersion : 6.5.0                                             
                    framework.config.dir : C:\Users\janetxywang\bin\Sencha\Cmd\6.7.0.63\plugins\ext\current
                       framework.creator : Sencha                                            
           framework.detailedDescription : Sencha Ext JS JavaScript Framework                
                           framework.dir : D:\demo\demo-dsbd\ext                             
                  framework.example.apps : admin-dashboard,executive-dashboard,feed-viewer,kitchensink,calendar,classic/desktop,classic/ticket-app,classic/portal,classic/simple-tasks,classic/responsive-app,classic/aria,modern/addressbook,modern/blackberry,modern/energy,modern/stockapp,modern/states,modern/geocongress,modern/oreilly
                framework.example.apps.0 : admin-dashboard                                   
                framework.example.apps.1 : executive-dashboard                               
               framework.example.apps.10 : classic/aria                                      
               framework.example.apps.11 : modern/addressbook                                
               framework.example.apps.12 : modern/blackberry                                 
               framework.example.apps.13 : modern/energy                                     
               framework.example.apps.14 : modern/stockapp                                   
               framework.example.apps.15 : modern/states                                     
               framework.example.apps.16 : modern/geocongress                                
               framework.example.apps.17 : modern/oreilly                                    
                framework.example.apps.2 : feed-viewer                                       
                framework.example.apps.3 : kitchensink                                       
                framework.example.apps.4 : calendar                                          
                framework.example.apps.5 : classic/desktop                                   
                framework.example.apps.6 : classic/ticket-app                                
                framework.example.apps.7 : classic/portal                                    
                framework.example.apps.8 : classic/simple-tasks                              
                framework.example.apps.9 : classic/responsive-app                            
           framework.example.apps.length : 18                                                
                  framework.example.path : examples,templates                                
                framework.example.path.0 : examples                                          
                framework.example.path.1 : templates                                         
           framework.example.path.length : 2                                                 
                        framework.format : 1                                                 
                          framework.isV5 : true                                              
                          framework.isV6 : true                                              
                         framework.isV62 : true                                              
                         framework.isV65 : true                                              
     framework.language.js.input.version : ES5                                               
                          framework.name : ext                                               
                     framework.namespace : Ext                                               
                        framework.output : ${package.dir}/build                              
                     framework.overrides : ${package.dir}/overrides                          
                  framework.packages.dir : D:\demo\demo-dsbd\ext/packages/,D:\demo\demo-dsbd\ext/${toolkit.name}
                framework.resource.paths : resources                                         
              framework.resource.paths.0 : resources                                         
         framework.resource.paths.length : 1                                                 
                      framework.sass.etc : ${package.dir}/sass/etc/all.scss                  
                  framework.sass.fashion : true                                              
                framework.sass.namespace : Ext                                               
                      framework.sass.src : ${package.dir}/sass/src                           
                      framework.sass.var : ${package.dir}/sass/var                           
        framework.signatures.0.algorithm : SHA1withRSA                                       
          framework.signatures.0.created : 2019-02-26T15:43:44Z                              
             framework.signatures.0.name : Sencha                                            
            framework.signatures.0.nonce : FMv1IxBUcMw=                                      
        framework.signatures.0.signature : XYCs5xB7qe12+6bw7xy8gcdu90+0nrFvtIysSxj5jSN+mIk/ck022xN5unhQJ+i1R+aH1uqSqAhgcnx/CAIJWHk2BWaMdxgyGzdUvYzvfflVCnnVa2DkR+vObVOkon2kWbOouylzO0XXF5fx6D8vLRvwY4r/xU4+lL7RY/tRCVu+SvRSNXBnfpl3N9dFw3504+A8NgOiA5vh9BUfVlOwmO1FlTykl+5CJZNtcipVD3KIbpW98KLR4HG98dzmTFYSNHXf/h5MeVdoY+cqilvnTInhjKLvszB9WH5wyWFlNmC1GnMR9PXffM3/fo6PbqPnGoC+NJ6tqpPXaw8DRK+gfw==
             framework.signatures.0.uuid : 1d6b0d9c-3333-4e65-885f-5b07a1fc3198              
             framework.signatures.length : 1                                                 
                   framework.subpkgs.dir : ${package.dir}                                    
              framework.subpkgs.packages : classic/classic,modern/modern,packages/charts,packages/amf,packages/soap,packages/ux,packages/google,packages/legacy,packages/font-awesome,packages/font-pictos,packages/font-ext
            framework.subpkgs.packages.0 : classic/classic                                   
            framework.subpkgs.packages.1 : modern/modern                                     
           framework.subpkgs.packages.10 : packages/font-ext                                 
            framework.subpkgs.packages.2 : packages/charts                                   
            framework.subpkgs.packages.3 : packages/amf                                      
            framework.subpkgs.packages.4 : packages/soap                                     
            framework.subpkgs.packages.5 : packages/ux                                       
            framework.subpkgs.packages.6 : packages/google                                   
            framework.subpkgs.packages.7 : packages/legacy                                   
            framework.subpkgs.packages.8 : packages/font-awesome                             
            framework.subpkgs.packages.9 : packages/font-pictos                              
       framework.subpkgs.packages.length : 11                                                
                       framework.summary : Ext JS                                            
                          framework.type : framework                                         
                       framework.version : 6.7.0.210                                         
                       inspector.address : http://localhost:1839/                            
                    package.sass.dynamic : true                                              
                          repo.local.dir : C:\Users\janetxywang\bin\Sencha\Cmd\repo          
                         sencha.sdk.path : C:\Users\janetxywang\ext-6.7.0-trial              
                       shared.sencha.dir : false                                             
        system.java.net.useSystemProxies : true                                              
                     workspace.build.dir : D:\demo\demo-dsbd/build                           
                    workspace.config.dir : D:\demo\demo-dsbd\.sencha\workspace               
                           workspace.dir : D:\demo\demo-dsbd                                 
           workspace.frameworks.ext.path : D:\demo\demo-dsbd\ext                             
        workspace.frameworks.ext.version : 6.7.0.210                                         
                  workspace.packages.dir : D:\demo\demo-dsbd/packages/local,D:\demo\demo-dsbd/packages
              workspace.packages.extract : D:\demo\demo-dsbd/packages/remote                 
                     workspace.theme.dir : D:\demo\demo-dsbd/packages/local,D:\demo\demo-dsbd/packages/${args.themeName}

Exception information:
=======================
No such property : port
     at com.sencha.cli.AbstractCommand$Properties.getProperty(AbstractCommand.java:444)
     at com.sencha.cli.AbstractCommand.parseConfigParam(AbstractCommand.java:468)
     at com.sencha.cli.AbstractCommand.processConfigParam(AbstractCommand.java:518)
     at com.sencha.cli.AbstractCommand.configure(AbstractCommand.java:114)
     at com.sencha.command.Sencha.main(Sencha.java:135)
     at sun.reflect.NativeMethodAccessorImpl.invoke0(Native Method)
     at sun.reflect.NativeMethodAccessorImpl.invoke(Unknown Source)
     at sun.reflect.DelegatingMethodAccessorImpl.invoke(Unknown Source)
     at java.lang.reflect.Method.invoke(Unknown Source)
     at com.exe4j.runtime.LauncherEngine.launch(Unknown Source)
     at com.exe4j.runtime.WinLauncher.main(Unknown Source)
     at com.install4j.runtime.launcher.WinLauncher.main(Unknown Source)

